<?xml version="1.0" encoding="UTF-8"?>
<!-- Generated by org.testng.reporters.JUnitXMLReporter -->
<testsuite hostname="nvk-PC" failures="0" tests="4" name="Test" time="0.018" errors="0" timestamp="11 Sep 2020 12:12:21 GMT">
  <testcase classname="sumamaventutorial.Mavenjava.RESTAPITest" name="deleteTwitter" time="0.006"/>
  <testcase classname="sumamaventutorial.Mavenjava.RESTAPITest" name="postJira" time="0.0"/>
  <testcase classname="sumamaventutorial.Mavenjava.SeleniumTest" name="browserAutomation" time="0.0"/>
  <testcase classname="sumamaventutorial.Mavenjava.SeleniumTest" name="elementsUI" time="0.0"/>
</testsuite> <!-- Test -->
