<?xml version="1.0" encoding="UTF-8"?>
<testng-results total="4" passed="4" failed="0" skipped="0">
  <reporter-output>
  </reporter-output>
  <suite started-at="2020-09-11T12:12:21Z" name="Suite" finished-at="2020-09-11T12:12:21Z" duration-ms="18">
    <groups>
    </groups>
    <test started-at="2020-09-11T12:12:21Z" name="Test" finished-at="2020-09-11T12:12:21Z" duration-ms="18">
      <class name="sumamaventutorial.Mavenjava.SeleniumTest">
        <test-method signature="browserAutomation()[pri:0, instance:sumamaventutorial.Mavenjava.SeleniumTest@53aac487]" started-at="2020-09-11T17:42:21Z" name="browserAutomation" finished-at="2020-09-11T17:42:21Z" duration-ms="0" status="PASS">
          <reporter-output>
          </reporter-output>
        </test-method> <!-- browserAutomation -->
        <test-method signature="elementsUI()[pri:0, instance:sumamaventutorial.Mavenjava.SeleniumTest@53aac487]" started-at="2020-09-11T17:42:21Z" name="elementsUI" finished-at="2020-09-11T17:42:21Z" duration-ms="0" status="PASS">
          <reporter-output>
          </reporter-output>
        </test-method> <!-- elementsUI -->
      </class> <!-- sumamaventutorial.Mavenjava.SeleniumTest -->
      <class name="sumamaventutorial.Mavenjava.RESTAPITest">
        <test-method signature="deleteTwitter()[pri:0, instance:sumamaventutorial.Mavenjava.RESTAPITest@506ae4d4]" started-at="2020-09-11T17:42:21Z" name="deleteTwitter" finished-at="2020-09-11T17:42:21Z" duration-ms="6" status="PASS">
          <reporter-output>
          </reporter-output>
        </test-method> <!-- deleteTwitter -->
        <test-method signature="postJira()[pri:0, instance:sumamaventutorial.Mavenjava.RESTAPITest@506ae4d4]" started-at="2020-09-11T17:42:21Z" name="postJira" finished-at="2020-09-11T17:42:21Z" duration-ms="0" status="PASS">
          <reporter-output>
          </reporter-output>
        </test-method> <!-- postJira -->
      </class> <!-- sumamaventutorial.Mavenjava.RESTAPITest -->
    </test> <!-- Test -->
  </suite> <!-- Suite -->
</testng-results>
