<?xml version="1.0" encoding="UTF-8"?>
<testsuite xmlns:xsi="http://www.w3.org/2001/XMLSchema-instance" xsi:noNamespaceSchemaLocation="https://maven.apache.org/surefire/maven-surefire-plugin/xsd/surefire-test-report-3.0.xsd" version="3.0" name="sumamaventutorial.Mavenjava.AppiumTest" time="0.412" tests="2" errors="0" skipped="0" failures="0">
  <properties>
[...]
</properties>
  <testcase name="iosApps" classname="sumamaventutorial.Mavenjava.AppiumTest" time="0.01">
    <system-out><![CDATA[iosApps
]]></system-out>
  </testcase>
  <testcase name="nativeAppAndroid" classname="sumamaventutorial.Mavenjava.AppiumTest" time="0.003">
    <system-out><![CDATA[nativeAppAndroid
]]></system-out>
  </testcase>
</testsuite>